d:\software\git\trdc\trdc\x64\debug\moc_myserialport.obj
d:\software\git\trdc\trdc\x64\debug\moc_mycombobox.obj
d:\software\git\trdc\trdc\x64\debug\moc_trdc.obj
d:\software\git\trdc\trdc\x64\debug\moc_core.obj
d:\software\git\trdc\trdc\x64\debug\qrc_trdc.obj
d:\software\git\trdc\trdc\x64\debug\myserialport.obj
d:\software\git\trdc\trdc\x64\debug\trdc.obj
d:\software\git\trdc\trdc\x64\debug\mycombobox.obj
d:\software\git\trdc\trdc\x64\debug\trdata.obj
d:\software\git\trdc\trdc\x64\debug\core.obj
d:\software\git\trdc\trdc\x64\debug\main.obj
d:\software\git\trdc\trdc\x64\debug\vc143.pdb
d:\software\git\trdc\trdc\x64\debug\trdc.exe
d:\software\git\trdc\trdc\x64\debug\trdc.ilk
d:\software\git\trdc\trdc\x64\debug\trdc.pdb
d:\software\git\trdc\trdc\x64\debug\moc\moc_myserialport.cpp
d:\software\git\trdc\trdc\x64\debug\rcc\qrc_trdc.cpp
d:\software\git\trdc\trdc\x64\debug\uic\ui_mainwindow.h
d:\software\git\trdc\trdc\x64\debug\uic\ui_trdc.h
d:\software\git\trdc\trdc\x64\debug\moc\moc_trdc.cpp
d:\software\git\trdc\trdc\x64\debug\moc\moc_mycombobox.cpp
d:\software\git\trdc\trdc\x64\debug\moc\moc_core.cpp
d:\software\git\trdc\trdc\x64\debug\trdc.tlog\cl.command.1.tlog
d:\software\git\trdc\trdc\x64\debug\trdc.tlog\cl.read.1.tlog
d:\software\git\trdc\trdc\x64\debug\trdc.tlog\cl.write.1.tlog
d:\software\git\trdc\trdc\x64\debug\trdc.tlog\link.command.1.tlog
d:\software\git\trdc\trdc\x64\debug\trdc.tlog\link.read.1.tlog
d:\software\git\trdc\trdc\x64\debug\trdc.tlog\link.write.1.tlog
d:\software\git\trdc\trdc\x64\debug\trdc.tlog\moc.read.1u.tlog
d:\software\git\trdc\trdc\x64\debug\trdc.tlog\moc.write.1u.tlog
d:\software\git\trdc\trdc\x64\debug\trdc.tlog\rcc.read.1u.tlog
d:\software\git\trdc\trdc\x64\debug\trdc.tlog\rcc.write.1u.tlog
d:\software\git\trdc\trdc\x64\debug\trdc.tlog\trdc.write.1u.tlog
d:\software\git\trdc\trdc\x64\debug\trdc.tlog\uic.read.1u.tlog
d:\software\git\trdc\trdc\x64\debug\trdc.tlog\uic.write.1u.tlog
